[26692:39568:0427/051827.385:WARNING:chrome_main_delegate.cc(600)] This is Chrome version 112.0.5615.49 (not a warning)
[26692:39568:0427/051827.393:WARNING:chrome_browser_cloud_management_controller.cc(87)] Could not create policy manager as CBCM is not enabled.
[26692:39568:0427/051827.477:ERROR:chrome_browser_cloud_management_controller.cc(162)] Cloud management controller initialization aborted as CBCM is not enabled.
[26692:39568:0427/051827.486:WARNING:account_consistency_mode_manager.cc(70)] Desktop Identity Consistency cannot be enabled as no OAuth client ID and client secret have been configured.
[26692:39568:0427/051830.136:INFO:CONSOLE(1)] "Error", source: https://deo.shopeemobile.com/shopee/shopee-pcmall-live-sg/assets/2188.024e85489977ab5b.js (1)
[26692:39568:0427/051830.257:INFO:CONSOLE(1)] "Error", source: https://deo.shopeemobile.com/shopee/shopee-pcmall-live-sg/assets/2188.024e85489977ab5b.js (1)
[26692:39568:0427/051830.296:INFO:CONSOLE(0)] "[.WebGL-0000635804A14E00]GL Driver Message (OpenGL, Performance, GL_CLOSE_PATH_NV, High): GPU stall due to ReadPixels", source: https://shopee.vn/buyer/login (0)
[26692:39568:0427/051830.301:INFO:CONSOLE(0)] "[.WebGL-0000635804A18600]GL Driver Message (OpenGL, Performance, GL_CLOSE_PATH_NV, High): GPU stall due to ReadPixels", source: https://shopee.vn/buyer/login (0)
[26692:39568:0427/051830.615:INFO:CONSOLE(108)] "Unrecognized feature: 'attribution-reporting'.", source: https://connect.facebook.net/signals/config/1457130904612161?v=2.9.154&r=stable&domain=shopee.vn&hme=c3a545c63044e8e9102d4f32d84a1137594d024f28e801d670bc76dc5c075575&ex_m=67%2C112%2C99%2C103%2C58%2C3%2C93%2C66%2C15%2C91%2C84%2C49%2C51%2C158%2C161%2C172%2C168%2C169%2C171%2C28%2C94%2C50%2C73%2C170%2C153%2C156%2C165%2C166%2C173%2C121%2C14%2C48%2C178%2C177%2C123%2C17%2C33%2C38%2C1%2C41%2C62%2C63%2C64%2C68%2C88%2C16%2C13%2C90%2C87%2C86%2C100%2C102%2C37%2C101%2C29%2C25%2C154%2C157%2C130%2C27%2C10%2C11%2C12%2C5%2C6%2C24%2C21%2C22%2C54%2C59%2C61%2C71%2C95%2C26%2C72%2C8%2C7%2C76%2C46%2C20%2C97%2C96%2C9%2C19%2C18%2C81%2C53%2C79%2C32%2C70%2C0%2C89%2C31%2C78%2C83%2C45%2C44%2C82%2C36%2C4%2C85%2C77%2C42%2C39%2C34%2C80%2C2%2C35%2C60%2C40%2C98%2C43%2C75%2C65%2C104%2C57%2C56%2C30%2C92%2C55%2C52%2C47%2C74%2C69%2C23%2C105 (108)
[26692:39568:0427/051830.716:INFO:CONSOLE(1)] "Error", source: https://deo.shopeemobile.com/shopee/shopee-pcmall-live-sg/assets/2188.024e85489977ab5b.js (1)
[26692:39568:0427/051830.759:INFO:CONSOLE(1)] "Error", source: https://deo.shopeemobile.com/shopee/shopee-pcmall-live-sg/assets/2188.024e85489977ab5b.js (1)
[26692:39568:0427/051830.805:INFO:CONSOLE(1)] "Error", source: https://deo.shopeemobile.com/shopee/shopee-pcmall-live-sg/assets/2188.024e85489977ab5b.js (1)
[26692:39568:0427/051830.895:INFO:CONSOLE(1)] "调 require 顺序 @shopee/tracking-ubt@7f3ca14", source: https://deo.shopeemobile.com/shopee/shopee-pcmall-live-sg/assets/2188.024e85489977ab5b.js (1)
[26692:39568:0427/051830.895:INFO:CONSOLE(1)] "调 require 顺序 @shopee/tracking-algo@7f3ca14", source: https://deo.shopeemobile.com/shopee/shopee-pcmall-live-sg/assets/2188.024e85489977ab5b.js (1)
[26692:39568:0427/051830.968:INFO:CONSOLE(1)] "[Meta Pixel] - Duplicate Pixel ID: 1457130904612161.", source: https://deo.shopeemobile.com/shopee/shopee-pcmall-live-sg/assets/2188.024e85489977ab5b.js (1)
[26692:39568:0427/051849.171:INFO:CONSOLE(1)] "Error", source: https://deo.shopeemobile.com/shopee/shopee-pcmall-live-sg/assets/2188.024e85489977ab5b.js (1)
[26692:39568:0427/051849.691:INFO:CONSOLE(108)] "Unrecognized feature: 'attribution-reporting'.", source: https://connect.facebook.net/signals/config/1457130904612161?v=2.9.154&r=stable&domain=shopee.vn&hme=c3a545c63044e8e9102d4f32d84a1137594d024f28e801d670bc76dc5c075575&ex_m=67%2C112%2C99%2C103%2C58%2C3%2C93%2C66%2C15%2C91%2C84%2C49%2C51%2C158%2C161%2C172%2C168%2C169%2C171%2C28%2C94%2C50%2C73%2C170%2C153%2C156%2C165%2C166%2C173%2C121%2C14%2C48%2C178%2C177%2C123%2C17%2C33%2C38%2C1%2C41%2C62%2C63%2C64%2C68%2C88%2C16%2C13%2C90%2C87%2C86%2C100%2C102%2C37%2C101%2C29%2C25%2C154%2C157%2C130%2C27%2C10%2C11%2C12%2C5%2C6%2C24%2C21%2C22%2C54%2C59%2C61%2C71%2C95%2C26%2C72%2C8%2C7%2C76%2C46%2C20%2C97%2C96%2C9%2C19%2C18%2C81%2C53%2C79%2C32%2C70%2C0%2C89%2C31%2C78%2C83%2C45%2C44%2C82%2C36%2C4%2C85%2C77%2C42%2C39%2C34%2C80%2C2%2C35%2C60%2C40%2C98%2C43%2C75%2C65%2C104%2C57%2C56%2C30%2C92%2C55%2C52%2C47%2C74%2C69%2C23%2C105 (108)
[26692:39568:0427/051850.298:INFO:CONSOLE(1)] "Error", source: https://deo.shopeemobile.com/shopee/shopee-pcmall-live-sg/assets/2188.024e85489977ab5b.js (1)
[26692:39568:0427/051850.370:INFO:CONSOLE(1)] "Error", source: https://deo.shopeemobile.com/shopee/shopee-pcmall-live-sg/assets/2188.024e85489977ab5b.js (1)
[26692:39568:0427/051850.395:INFO:CONSOLE(0)] "[.WebGL-0000635804B80000]GL Driver Message (OpenGL, Performance, GL_CLOSE_PATH_NV, High): GPU stall due to ReadPixels", source: https://shopee.vn/?is_from_login=true (0)
[26692:39568:0427/051850.396:INFO:CONSOLE(0)] "[.WebGL-0000635804A1A900]GL Driver Message (OpenGL, Performance, GL_CLOSE_PATH_NV, High): GPU stall due to ReadPixels (this message will no longer repeat)", source: https://shopee.vn/?is_from_login=true (0)
[26692:39568:0427/051850.565:INFO:CONSOLE(1)] "Error", source: https://deo.shopeemobile.com/shopee/shopee-pcmall-live-sg/assets/2188.024e85489977ab5b.js (1)
[26692:39568:0427/051850.592:INFO:CONSOLE(1)] "调 require 顺序 @shopee/tracking-ubt@7f3ca14", source: https://deo.shopeemobile.com/shopee/shopee-pcmall-live-sg/assets/2188.024e85489977ab5b.js (1)
[26692:39568:0427/051850.593:INFO:CONSOLE(1)] "调 require 顺序 @shopee/tracking-algo@7f3ca14", source: https://deo.shopeemobile.com/shopee/shopee-pcmall-live-sg/assets/2188.024e85489977ab5b.js (1)
[26692:39568:0427/051850.928:INFO:CONSOLE(1)] "Error", source: https://deo.shopeemobile.com/shopee/shopee-pcmall-live-sg/assets/2188.024e85489977ab5b.js (1)
[26692:39568:0427/051851.314:INFO:CONSOLE(1)] "Error", source: https://deo.shopeemobile.com/shopee/shopee-pcmall-live-sg/assets/2188.024e85489977ab5b.js (1)
[26692:39568:0427/051851.350:INFO:CONSOLE(1)] "Error", source: https://deo.shopeemobile.com/shopee/shopee-pcmall-live-sg/assets/2188.024e85489977ab5b.js (1)
[26692:39568:0427/051851.383:INFO:CONSOLE(1)] "Error", source: https://deo.shopeemobile.com/shopee/shopee-pcmall-live-sg/assets/2188.024e85489977ab5b.js (1)
[26692:39568:0427/051851.426:INFO:CONSOLE(1)] "Error", source: https://deo.shopeemobile.com/shopee/shopee-pcmall-live-sg/assets/2188.024e85489977ab5b.js (1)
[26692:39568:0427/051851.602:INFO:CONSOLE(1)] "Error", source: https://deo.shopeemobile.com/shopee/shopee-pcmall-live-sg/assets/2188.024e85489977ab5b.js (1)
[26692:39568:0427/051851.631:INFO:CONSOLE(1)] "Error", source: https://deo.shopeemobile.com/shopee/shopee-pcmall-live-sg/assets/2188.024e85489977ab5b.js (1)
[26692:39568:0427/051851.721:INFO:CONSOLE(1)] "Error", source: https://deo.shopeemobile.com/shopee/shopee-pcmall-live-sg/assets/2188.024e85489977ab5b.js (1)
[26692:39568:0427/051851.888:INFO:CONSOLE(1)] "Error", source: https://deo.shopeemobile.com/shopee/shopee-pcmall-live-sg/assets/2188.024e85489977ab5b.js (1)
[26692:39568:0427/051851.918:INFO:CONSOLE(1)] "Uncaught (in promise) TypeError: Cannot destructure property 'queries' of 'e.data' as it is undefined.", source: https://deo.shopeemobile.com/shopee/shopee-pcmall-live-sg/assets/HotWordList.cc067bedadee823c.js (1)
[26692:39568:0427/051852.265:INFO:CONSOLE(108)] "Unrecognized feature: 'attribution-reporting'.", source: https://connect.facebook.net/signals/config/1457130904612161?v=2.9.154&r=stable&domain=shopee.vn&hme=c3a545c63044e8e9102d4f32d84a1137594d024f28e801d670bc76dc5c075575&ex_m=67%2C112%2C99%2C103%2C58%2C3%2C93%2C66%2C15%2C91%2C84%2C49%2C51%2C158%2C161%2C172%2C168%2C169%2C171%2C28%2C94%2C50%2C73%2C170%2C153%2C156%2C165%2C166%2C173%2C121%2C14%2C48%2C178%2C177%2C123%2C17%2C33%2C38%2C1%2C41%2C62%2C63%2C64%2C68%2C88%2C16%2C13%2C90%2C87%2C86%2C100%2C102%2C37%2C101%2C29%2C25%2C154%2C157%2C130%2C27%2C10%2C11%2C12%2C5%2C6%2C24%2C21%2C22%2C54%2C59%2C61%2C71%2C95%2C26%2C72%2C8%2C7%2C76%2C46%2C20%2C97%2C96%2C9%2C19%2C18%2C81%2C53%2C79%2C32%2C70%2C0%2C89%2C31%2C78%2C83%2C45%2C44%2C82%2C36%2C4%2C85%2C77%2C42%2C39%2C34%2C80%2C2%2C35%2C60%2C40%2C98%2C43%2C75%2C65%2C104%2C57%2C56%2C30%2C92%2C55%2C52%2C47%2C74%2C69%2C23%2C105 (108)
[26692:39568:0427/051852.436:INFO:CONSOLE(1)] "Error", source: https://deo.shopeemobile.com/shopee/shopee-pcmall-live-sg/assets/2188.024e85489977ab5b.js (1)
[26692:39568:0427/051852.510:INFO:CONSOLE(1)] "Error", source: https://deo.shopeemobile.com/shopee/shopee-pcmall-live-sg/assets/2188.024e85489977ab5b.js (1)
[26692:39568:0427/051852.571:INFO:CONSOLE(1)] "调 require 顺序 @shopee/tracking-ubt@7f3ca14", source: https://deo.shopeemobile.com/shopee/shopee-pcmall-live-sg/assets/2188.024e85489977ab5b.js (1)
[26692:39568:0427/051852.571:INFO:CONSOLE(1)] "调 require 顺序 @shopee/tracking-algo@7f3ca14", source: https://deo.shopeemobile.com/shopee/shopee-pcmall-live-sg/assets/2188.024e85489977ab5b.js (1)
[26692:39568:0427/051852.798:INFO:CONSOLE(1)] "Error", source: https://deo.shopeemobile.com/shopee/shopee-pcmall-live-sg/assets/2188.024e85489977ab5b.js (1)
[26692:39568:0427/051854.652:INFO:CONSOLE(1)] "MiniChat Build Time:  Tue Apr 23 2024 20:41:37 GMT+0800 (Singapore Standard Time)", source: https://deo.shopeemobile.com/shopee/shopee-pcmall-live-sg/assets/2188.024e85489977ab5b.js (1)
[26692:39568:0427/051913.190:INFO:CONSOLE(1)] "Error", source: https://deo.shopeemobile.com/shopee/shopee-pcmall-live-sg/assets/2188.024e85489977ab5b.js (1)
[26692:39568:0427/051913.482:INFO:CONSOLE(1)] "Error", source: https://deo.shopeemobile.com/shopee/shopee-pcmall-live-sg/assets/2188.024e85489977ab5b.js (1)
[26692:39568:0427/051913.525:INFO:CONSOLE(1)] "Error", source: https://deo.shopeemobile.com/shopee/shopee-pcmall-live-sg/assets/2188.024e85489977ab5b.js (1)
[26692:39568:0427/051913.721:INFO:CONSOLE(1)] "Error", source: https://deo.shopeemobile.com/shopee/shopee-pcmall-live-sg/assets/2188.024e85489977ab5b.js (1)
[26692:39568:0427/051913.743:INFO:CONSOLE(1)] "Error", source: https://deo.shopeemobile.com/shopee/shopee-pcmall-live-sg/assets/2188.024e85489977ab5b.js (1)
[26692:39568:0427/051913.792:INFO:CONSOLE(1)] "Error", source: https://deo.shopeemobile.com/shopee/shopee-pcmall-live-sg/assets/2188.024e85489977ab5b.js (1)
[26692:39568:0427/051913.880:INFO:CONSOLE(1)] "Error", source: https://deo.shopeemobile.com/shopee/shopee-pcmall-live-sg/assets/2188.024e85489977ab5b.js (1)
[26692:39568:0427/051914.108:INFO:CONSOLE(1)] "Error", source: https://deo.shopeemobile.com/shopee/shopee-pcmall-live-sg/assets/2188.024e85489977ab5b.js (1)
[26692:39568:0427/051914.286:INFO:CONSOLE(1)] "Error", source: https://deo.shopeemobile.com/shopee/shopee-pcmall-live-sg/assets/2188.024e85489977ab5b.js (1)
[26692:39568:0427/051914.311:INFO:CONSOLE(1)] "Error", source: https://deo.shopeemobile.com/shopee/shopee-pcmall-live-sg/assets/2188.024e85489977ab5b.js (1)
[26692:39568:0427/051914.340:INFO:CONSOLE(1)] "Error", source: https://deo.shopeemobile.com/shopee/shopee-pcmall-live-sg/assets/2188.024e85489977ab5b.js (1)
[26692:39568:0427/051914.379:INFO:CONSOLE(1)] "Error", source: https://deo.shopeemobile.com/shopee/shopee-pcmall-live-sg/assets/2188.024e85489977ab5b.js (1)
[26692:39568:0427/051914.610:INFO:CONSOLE(1)] "Error", source: https://deo.shopeemobile.com/shopee/shopee-pcmall-live-sg/assets/2188.024e85489977ab5b.js (1)
[26692:39568:0427/051914.730:INFO:CONSOLE(1)] "Error", source: https://deo.shopeemobile.com/shopee/shopee-pcmall-live-sg/assets/2188.024e85489977ab5b.js (1)
[26692:39568:0427/051915.022:INFO:CONSOLE(1)] "Error", source: https://deo.shopeemobile.com/shopee/shopee-pcmall-live-sg/assets/2188.024e85489977ab5b.js (1)
[26692:39568:0427/051915.130:INFO:CONSOLE(1)] "Error", source: https://deo.shopeemobile.com/shopee/shopee-pcmall-live-sg/assets/2188.024e85489977ab5b.js (1)
[26692:39568:0427/051915.273:INFO:CONSOLE(1)] "Error", source: https://deo.shopeemobile.com/shopee/shopee-pcmall-live-sg/assets/2188.024e85489977ab5b.js (1)
[26692:39568:0427/051915.450:INFO:CONSOLE(1)] "Error", source: https://deo.shopeemobile.com/shopee/shopee-pcmall-live-sg/assets/2188.024e85489977ab5b.js (1)
[26692:39568:0427/051915.735:INFO:CONSOLE(1)] "Error", source: https://deo.shopeemobile.com/shopee/shopee-pcmall-live-sg/assets/2188.024e85489977ab5b.js (1)
[26692:39568:0427/051915.755:INFO:CONSOLE(1)] "Error", source: https://deo.shopeemobile.com/shopee/shopee-pcmall-live-sg/assets/2188.024e85489977ab5b.js (1)
[26692:39568:0427/051915.852:INFO:CONSOLE(1)] "[Meta Pixel] - Duplicate Pixel ID: 1457130904612161.", source: https://deo.shopeemobile.com/shopee/shopee-pcmall-live-sg/assets/2188.024e85489977ab5b.js (1)
[26692:39568:0427/051917.250:INFO:CONSOLE(1)] "Error", source: https://deo.shopeemobile.com/shopee/shopee-pcmall-live-sg/assets/2188.024e85489977ab5b.js (1)
[26692:39568:0427/051936.656:INFO:CONSOLE(1)] "Error", source: https://deo.shopeemobile.com/shopee/shopee-pcmall-live-sg/assets/2188.024e85489977ab5b.js (1)
[26692:39568:0427/051936.762:INFO:CONSOLE(1)] "Error", source: https://deo.shopeemobile.com/shopee/shopee-pcmall-live-sg/assets/2188.024e85489977ab5b.js (1)
[26692:39568:0427/051936.805:INFO:CONSOLE(1)] "Error", source: https://deo.shopeemobile.com/shopee/shopee-pcmall-live-sg/assets/2188.024e85489977ab5b.js (1)
[26692:39568:0427/051937.045:INFO:CONSOLE(1)] "Error", source: https://deo.shopeemobile.com/shopee/shopee-pcmall-live-sg/assets/2188.024e85489977ab5b.js (1)
[26692:39568:0427/051937.065:INFO:CONSOLE(1)] "Error", source: https://deo.shopeemobile.com/shopee/shopee-pcmall-live-sg/assets/2188.024e85489977ab5b.js (1)
[26692:39568:0427/051937.090:INFO:CONSOLE(1)] "Error", source: https://deo.shopeemobile.com/shopee/shopee-pcmall-live-sg/assets/2188.024e85489977ab5b.js (1)
[26692:39568:0427/051937.235:INFO:CONSOLE(1)] "Error", source: https://deo.shopeemobile.com/shopee/shopee-pcmall-live-sg/assets/2188.024e85489977ab5b.js (1)
[26692:39568:0427/051937.254:INFO:CONSOLE(1)] "Error", source: https://deo.shopeemobile.com/shopee/shopee-pcmall-live-sg/assets/2188.024e85489977ab5b.js (1)
[26692:39568:0427/051949.447:WARNING:pref_notifier_impl.cc(41)] Pref observer for media_router.cast_allow_all_ips found at shutdown.
